<?xml version="1.0" encoding="UTF-8"?>
<!-- Generated by org.testng.reporters.JUnitXMLReporter -->
<testsuite ignored="3" hostname="Brahmendras-MacBook-Air.local" failures="0" tests="4" name="Test" time="9.832" errors="0" timestamp="2026-01-11T18:53:17 GMT-05:00">
  <testcase classname="Features.PostOperation" name="CREATE_Repo" time="6.46"/>
  <testcase classname="Features.PatchOperation" name="UPDATE_CreateD_Repo" time="0.887"/>
  <testcase classname="Features.GetOperation" name="Get_Repo_Info" time="0.221"/>
  <testcase classname="Features.DeleteOperation" name="Delete_Git_Repo" time="0.468"/>
  <testcase classname="Generic.Baseclass" name="@BeforeSuite extentReportSetUp" time="0.0">
    <ignored/>
  </testcase> <!-- @BeforeSuite extentReportSetUp -->
  <testcase classname="Generic.Baseclass" name="@BeforeSuite extentReportSetUp" time="0.0">
    <ignored/>
  </testcase> <!-- @BeforeSuite extentReportSetUp -->
  <testcase classname="Generic.Baseclass" name="@BeforeSuite extentReportSetUp" time="0.0">
    <ignored/>
  </testcase> <!-- @BeforeSuite extentReportSetUp -->
</testsuite> <!-- Test -->
