<?xml version="1.0" encoding="UTF-8"?>
<!-- Generated by org.testng.reporters.JUnitReportReporter -->
<testsuite hostname="Brahmendras-MacBook-Air.local" failures="0" tests="1" name="Features.GetOperation" time="0.269" errors="0" timestamp="2026-01-11T18:53:17 GMT-05:00" skipped="0">
  <testcase classname="Features.GetOperation" name="Get_Repo_Info" time="0.269"/>
  <system-out>
    <![CDATA[The name of the repository whic is successcefully created  is mugimeshi]]>
  </system-out>
</testsuite> <!-- Features.GetOperation -->
