<?xml version="1.0" encoding="UTF-8"?>
<!-- Generated by org.testng.reporters.JUnitXMLReporter -->
<testsuite ignored="3" hostname="Brahmendras-MacBook-Air.local" failures="0" tests="4" name="Test" time="10.188" errors="0" timestamp="2026-01-12T10:03:39 GMT-05:00">
  <testcase classname="features.PostOperation" name="CREATE_Repo" time="6.832"/>
  <testcase classname="features.PatchOperation" name="UPDATE_CreateD_Repo" time="0.792"/>
  <testcase classname="features.GetOperation" name="Get_Repo_Info" time="0.295"/>
  <testcase classname="features.DeleteOperation" name="Delete_Git_Repo" time="0.561"/>
  <testcase classname="Generic.Baseclass" name="@BeforeSuite extentReportSetUp" time="0.0">
    <ignored/>
  </testcase> <!-- @BeforeSuite extentReportSetUp -->
  <testcase classname="Generic.Baseclass" name="@BeforeSuite extentReportSetUp" time="0.0">
    <ignored/>
  </testcase> <!-- @BeforeSuite extentReportSetUp -->
  <testcase classname="Generic.Baseclass" name="@BeforeSuite extentReportSetUp" time="0.0">
    <ignored/>
  </testcase> <!-- @BeforeSuite extentReportSetUp -->
</testsuite> <!-- Test -->
