<?xml version="1.0" encoding="UTF-8"?>
<!-- Generated by org.testng.reporters.JUnitXMLReporter -->
<testsuite ignored="3" hostname="Brahmendras-MacBook-Air.local" failures="0" tests="4" name="Test" time="8.243" errors="0" timestamp="2026-01-08T21:29:11 GMT-05:00">
  <testcase classname="Features.PostOperation" name="Update_Repo" time="4.641"/>
  <testcase classname="Features.PatchOperation" name="Create_Repo" time="0.739"/>
  <testcase classname="Features.GetOperation" name="Get_Repo_Info" time="0.231"/>
  <testcase classname="Features.DeleteOperation" name="Delete_Git_Repo" time="0.487"/>
  <testcase classname="github_api_automationframework.Baseclass" name="@BeforeSuite extentReportSetUp" time="0.0">
    <ignored/>
  </testcase> <!-- @BeforeSuite extentReportSetUp -->
  <testcase classname="github_api_automationframework.Baseclass" name="@BeforeSuite extentReportSetUp" time="0.0">
    <ignored/>
  </testcase> <!-- @BeforeSuite extentReportSetUp -->
  <testcase classname="github_api_automationframework.Baseclass" name="@BeforeSuite extentReportSetUp" time="0.0">
    <ignored/>
  </testcase> <!-- @BeforeSuite extentReportSetUp -->
</testsuite> <!-- Test -->
