<?xml version="1.0" encoding="UTF-8"?>
<testng-results ignored="0" total="4" passed="4" failed="0" skipped="0">
  <reporter-output>
    <line>
      <![CDATA[The name of the repository whic is successcefully created  is mugimeshi]]>
    </line>
  </reporter-output>
  <suite started-at="2026-01-11T18:53:07 GMT-05:00" name="Suite" finished-at="2026-01-11T18:53:17 GMT-05:00" duration-ms="9832">
    <groups>
      <group name="Regression">
        <method signature="DeleteOperation.Delete_Git_Repo()[pri:0, instance:Features.DeleteOperation@4e096385]" name="Delete_Git_Repo" class="Features.DeleteOperation"/>
        <method signature="GetOperation.Get_Repo_Info()[pri:0, instance:Features.GetOperation@27ff5d15]" name="Get_Repo_Info" class="Features.GetOperation"/>
        <method signature="PatchOperation.UPDATE_CreateD_Repo()[pri:0, instance:Features.PatchOperation@1613674b]" name="UPDATE_CreateD_Repo" class="Features.PatchOperation"/>
        <method signature="PostOperation.CREATE_Repo()[pri:0, instance:Features.PostOperation@cad498c]" name="CREATE_Repo" class="Features.PostOperation"/>
      </group> <!-- Regression -->
    </groups>
    <test started-at="2026-01-11T18:53:07 GMT-05:00" name="Test" finished-at="2026-01-11T18:53:17 GMT-05:00" duration-ms="9832">
      <class name="Features.PatchOperation">
        <test-method is-config="true" signature="openapp()[pri:0, instance:Features.PatchOperation@1613674b]" started-at="2026-01-11T18:53:15 GMT-05:00" name="openapp" finished-at="2026-01-11T18:53:15 GMT-05:00" duration-ms="2" status="PASS">
          <reporter-output>
          </reporter-output>
        </test-method> <!-- openapp -->
        <test-method signature="UPDATE_CreateD_Repo()[pri:0, instance:Features.PatchOperation@1613674b]" started-at="2026-01-11T18:53:15 GMT-05:00" name="UPDATE_CreateD_Repo" description="Update Git Repository" finished-at="2026-01-11T18:53:16 GMT-05:00" duration-ms="887" status="PASS">
          <reporter-output>
          </reporter-output>
        </test-method> <!-- UPDATE_CreateD_Repo -->
        <test-method is-config="true" signature="PostConditionTestStatus(org.testng.ITestResult)[pri:0, instance:Features.PatchOperation@1613674b]" started-at="2026-01-11T18:53:16 GMT-05:00" name="PostConditionTestStatus" finished-at="2026-01-11T18:53:16 GMT-05:00" duration-ms="42" status="PASS">
          <params>
            <param index="0">
              <value>
                <![CDATA[[TestResult name=UPDATE_CreateD_Repo status=SUCCESS method=PatchOperation.UPDATE_CreateD_Repo()[pri:0, instance:Features.PatchOperation@1613674b] output={null}]]]>
              </value>
            </param>
          </params>
          <reporter-output>
          </reporter-output>
        </test-method> <!-- PostConditionTestStatus -->
        <test-method is-config="true" signature="addToReport()[pri:0, instance:Features.PatchOperation@1613674b]" started-at="2026-01-11T18:53:16 GMT-05:00" name="addToReport" finished-at="2026-01-11T18:53:16 GMT-05:00" duration-ms="35" status="PASS">
          <reporter-output>
          </reporter-output>
        </test-method> <!-- addToReport -->
      </class> <!-- Features.PatchOperation -->
      <class name="Features.PostOperation">
        <test-method is-config="true" signature="extentReportSetUp()[pri:0, instance:Features.PostOperation@cad498c]" started-at="2026-01-11T18:53:07 GMT-05:00" name="extentReportSetUp" finished-at="2026-01-11T18:53:07 GMT-05:00" duration-ms="409" status="PASS">
          <reporter-output>
          </reporter-output>
        </test-method> <!-- extentReportSetUp -->
        <test-method is-config="true" signature="openapp()[pri:0, instance:Features.PostOperation@cad498c]" started-at="2026-01-11T18:53:07 GMT-05:00" name="openapp" finished-at="2026-01-11T18:53:08 GMT-05:00" duration-ms="712" status="PASS">
          <reporter-output>
          </reporter-output>
        </test-method> <!-- openapp -->
        <test-method signature="CREATE_Repo()[pri:0, instance:Features.PostOperation@cad498c]" started-at="2026-01-11T18:53:08 GMT-05:00" name="CREATE_Repo" description="Create  Git Repository" finished-at="2026-01-11T18:53:14 GMT-05:00" duration-ms="6460" status="PASS">
          <reporter-output>
            <line>
              <![CDATA[The name of the repository whic is successcefully created  is mugimeshi]]>
            </line>
          </reporter-output>
        </test-method> <!-- CREATE_Repo -->
        <test-method is-config="true" signature="PostConditionTestStatus(org.testng.ITestResult)[pri:0, instance:Features.PostOperation@cad498c]" started-at="2026-01-11T18:53:14 GMT-05:00" name="PostConditionTestStatus" finished-at="2026-01-11T18:53:15 GMT-05:00" duration-ms="685" status="PASS">
          <params>
            <param index="0">
              <value>
                <![CDATA[[TestResult name=CREATE_Repo status=SUCCESS method=PostOperation.CREATE_Repo()[pri:0, instance:Features.PostOperation@cad498c] output=The name of the repository whic is successcefully created  is mugimeshi]]]>
              </value>
            </param>
          </params>
          <reporter-output>
          </reporter-output>
        </test-method> <!-- PostConditionTestStatus -->
        <test-method is-config="true" signature="addToReport()[pri:0, instance:Features.PostOperation@cad498c]" started-at="2026-01-11T18:53:15 GMT-05:00" name="addToReport" finished-at="2026-01-11T18:53:15 GMT-05:00" duration-ms="36" status="PASS">
          <reporter-output>
          </reporter-output>
        </test-method> <!-- addToReport -->
      </class> <!-- Features.PostOperation -->
      <class name="Features.DeleteOperation">
        <test-method is-config="true" signature="openapp()[pri:0, instance:Features.DeleteOperation@4e096385]" started-at="2026-01-11T18:53:16 GMT-05:00" name="openapp" finished-at="2026-01-11T18:53:16 GMT-05:00" duration-ms="1" status="PASS">
          <reporter-output>
          </reporter-output>
        </test-method> <!-- openapp -->
        <test-method signature="Delete_Git_Repo()[pri:0, instance:Features.DeleteOperation@4e096385]" started-at="2026-01-11T18:53:16 GMT-05:00" name="Delete_Git_Repo" description="Delete Git Repository" finished-at="2026-01-11T18:53:17 GMT-05:00" duration-ms="468" status="PASS">
          <reporter-output>
          </reporter-output>
        </test-method> <!-- Delete_Git_Repo -->
        <test-method is-config="true" signature="PostConditionTestStatus(org.testng.ITestResult)[pri:0, instance:Features.DeleteOperation@4e096385]" started-at="2026-01-11T18:53:17 GMT-05:00" name="PostConditionTestStatus" finished-at="2026-01-11T18:53:17 GMT-05:00" duration-ms="38" status="PASS">
          <params>
            <param index="0">
              <value>
                <![CDATA[[TestResult name=Delete_Git_Repo status=SUCCESS method=DeleteOperation.Delete_Git_Repo()[pri:0, instance:Features.DeleteOperation@4e096385] output={null}]]]>
              </value>
            </param>
          </params>
          <reporter-output>
          </reporter-output>
        </test-method> <!-- PostConditionTestStatus -->
        <test-method is-config="true" signature="addToReport()[pri:0, instance:Features.DeleteOperation@4e096385]" started-at="2026-01-11T18:53:17 GMT-05:00" name="addToReport" finished-at="2026-01-11T18:53:17 GMT-05:00" duration-ms="25" status="PASS">
          <reporter-output>
          </reporter-output>
        </test-method> <!-- addToReport -->
      </class> <!-- Features.DeleteOperation -->
      <class name="Features.GetOperation">
        <test-method is-config="true" signature="openapp()[pri:0, instance:Features.GetOperation@27ff5d15]" started-at="2026-01-11T18:53:16 GMT-05:00" name="openapp" finished-at="2026-01-11T18:53:16 GMT-05:00" duration-ms="1" status="PASS">
          <reporter-output>
          </reporter-output>
        </test-method> <!-- openapp -->
        <test-method signature="Get_Repo_Info()[pri:0, instance:Features.GetOperation@27ff5d15]" started-at="2026-01-11T18:53:16 GMT-05:00" name="Get_Repo_Info" description="Get Git Repo Details" finished-at="2026-01-11T18:53:16 GMT-05:00" duration-ms="221" status="PASS">
          <reporter-output>
          </reporter-output>
        </test-method> <!-- Get_Repo_Info -->
        <test-method is-config="true" signature="PostConditionTestStatus(org.testng.ITestResult)[pri:0, instance:Features.GetOperation@27ff5d15]" started-at="2026-01-11T18:53:16 GMT-05:00" name="PostConditionTestStatus" finished-at="2026-01-11T18:53:16 GMT-05:00" duration-ms="47" status="PASS">
          <params>
            <param index="0">
              <value>
                <![CDATA[[TestResult name=Get_Repo_Info status=SUCCESS method=GetOperation.Get_Repo_Info()[pri:0, instance:Features.GetOperation@27ff5d15] output={null}]]]>
              </value>
            </param>
          </params>
          <reporter-output>
          </reporter-output>
        </test-method> <!-- PostConditionTestStatus -->
        <test-method is-config="true" signature="addToReport()[pri:0, instance:Features.GetOperation@27ff5d15]" started-at="2026-01-11T18:53:16 GMT-05:00" name="addToReport" finished-at="2026-01-11T18:53:16 GMT-05:00" duration-ms="32" status="PASS">
          <reporter-output>
          </reporter-output>
        </test-method> <!-- addToReport -->
      </class> <!-- Features.GetOperation -->
    </test> <!-- Test -->
  </suite> <!-- Suite -->
</testng-results>
