<?xml version="1.0" encoding="UTF-8"?>
<testng-results ignored="0" total="4" passed="4" failed="0" skipped="0">
  <reporter-output>
    <line>
      <![CDATA[The name of the repository whic is successcefully created  is mugimeshi]]>
    </line>
  </reporter-output>
  <suite started-at="2026-01-12T17:18:11 GMT-05:00" name="Suite" finished-at="2026-01-12T17:18:25 GMT-05:00" duration-ms="13551">
    <groups>
      <group name="Regression">
        <method signature="DeleteOperation.Delete_Git_Repo()[pri:0, instance:features.DeleteOperation@6631f5ca]" name="Delete_Git_Repo" class="features.DeleteOperation"/>
        <method signature="GetOperation.Get_Repo_Info()[pri:0, instance:features.GetOperation@b62d79]" name="Get_Repo_Info" class="features.GetOperation"/>
        <method signature="PatchOperation.UPDATE_CreateD_Repo()[pri:0, instance:features.PatchOperation@2accdbb5]" name="UPDATE_CreateD_Repo" class="features.PatchOperation"/>
        <method signature="PostOperation.CREATE_Repo()[pri:0, instance:features.PostOperation@120f102b]" name="CREATE_Repo" class="features.PostOperation"/>
      </group> <!-- Regression -->
    </groups>
    <test started-at="2026-01-12T17:18:11 GMT-05:00" name="Test" finished-at="2026-01-12T17:18:25 GMT-05:00" duration-ms="13551">
      <class name="features.PatchOperation">
        <test-method is-config="true" signature="openapp()[pri:0, instance:features.PatchOperation@2accdbb5]" started-at="2026-01-12T17:18:23 GMT-05:00" name="openapp" finished-at="2026-01-12T17:18:23 GMT-05:00" duration-ms="4" status="PASS">
          <reporter-output>
          </reporter-output>
        </test-method> <!-- openapp -->
        <test-method signature="UPDATE_CreateD_Repo()[pri:0, instance:features.PatchOperation@2accdbb5]" started-at="2026-01-12T17:18:23 GMT-05:00" name="UPDATE_CreateD_Repo" description="Update Git Repository" finished-at="2026-01-12T17:18:23 GMT-05:00" duration-ms="866" status="PASS">
          <reporter-output>
          </reporter-output>
        </test-method> <!-- UPDATE_CreateD_Repo -->
        <test-method is-config="true" signature="PostConditionTestStatus(org.testng.ITestResult)[pri:0, instance:features.PatchOperation@2accdbb5]" started-at="2026-01-12T17:18:23 GMT-05:00" name="PostConditionTestStatus" finished-at="2026-01-12T17:18:24 GMT-05:00" duration-ms="51" status="PASS">
          <params>
            <param index="0">
              <value>
                <![CDATA[[TestResult name=UPDATE_CreateD_Repo status=SUCCESS method=PatchOperation.UPDATE_CreateD_Repo()[pri:0, instance:features.PatchOperation@2accdbb5] output={null}]]]>
              </value>
            </param>
          </params>
          <reporter-output>
          </reporter-output>
        </test-method> <!-- PostConditionTestStatus -->
        <test-method is-config="true" signature="addToReport()[pri:0, instance:features.PatchOperation@2accdbb5]" started-at="2026-01-12T17:18:24 GMT-05:00" name="addToReport" finished-at="2026-01-12T17:18:24 GMT-05:00" duration-ms="46" status="PASS">
          <reporter-output>
          </reporter-output>
        </test-method> <!-- addToReport -->
      </class> <!-- features.PatchOperation -->
      <class name="features.DeleteOperation">
        <test-method is-config="true" signature="openapp()[pri:0, instance:features.DeleteOperation@6631f5ca]" started-at="2026-01-12T17:18:24 GMT-05:00" name="openapp" finished-at="2026-01-12T17:18:24 GMT-05:00" duration-ms="1" status="PASS">
          <reporter-output>
          </reporter-output>
        </test-method> <!-- openapp -->
        <test-method signature="Delete_Git_Repo()[pri:0, instance:features.DeleteOperation@6631f5ca]" started-at="2026-01-12T17:18:24 GMT-05:00" name="Delete_Git_Repo" description="Delete Git Repository" finished-at="2026-01-12T17:18:24 GMT-05:00" duration-ms="494" status="PASS">
          <reporter-output>
          </reporter-output>
        </test-method> <!-- Delete_Git_Repo -->
        <test-method is-config="true" signature="PostConditionTestStatus(org.testng.ITestResult)[pri:0, instance:features.DeleteOperation@6631f5ca]" started-at="2026-01-12T17:18:24 GMT-05:00" name="PostConditionTestStatus" finished-at="2026-01-12T17:18:25 GMT-05:00" duration-ms="38" status="PASS">
          <params>
            <param index="0">
              <value>
                <![CDATA[[TestResult name=Delete_Git_Repo status=SUCCESS method=DeleteOperation.Delete_Git_Repo()[pri:0, instance:features.DeleteOperation@6631f5ca] output={null}]]]>
              </value>
            </param>
          </params>
          <reporter-output>
          </reporter-output>
        </test-method> <!-- PostConditionTestStatus -->
        <test-method is-config="true" signature="addToReport()[pri:0, instance:features.DeleteOperation@6631f5ca]" started-at="2026-01-12T17:18:25 GMT-05:00" name="addToReport" finished-at="2026-01-12T17:18:25 GMT-05:00" duration-ms="50" status="PASS">
          <reporter-output>
          </reporter-output>
        </test-method> <!-- addToReport -->
      </class> <!-- features.DeleteOperation -->
      <class name="features.GetOperation">
        <test-method is-config="true" signature="openapp()[pri:0, instance:features.GetOperation@b62d79]" started-at="2026-01-12T17:18:24 GMT-05:00" name="openapp" finished-at="2026-01-12T17:18:24 GMT-05:00" duration-ms="2" status="PASS">
          <reporter-output>
          </reporter-output>
        </test-method> <!-- openapp -->
        <test-method signature="Get_Repo_Info()[pri:0, instance:features.GetOperation@b62d79]" started-at="2026-01-12T17:18:24 GMT-05:00" name="Get_Repo_Info" description="Get Git Repo Details" finished-at="2026-01-12T17:18:24 GMT-05:00" duration-ms="270" status="PASS">
          <reporter-output>
          </reporter-output>
        </test-method> <!-- Get_Repo_Info -->
        <test-method is-config="true" signature="PostConditionTestStatus(org.testng.ITestResult)[pri:0, instance:features.GetOperation@b62d79]" started-at="2026-01-12T17:18:24 GMT-05:00" name="PostConditionTestStatus" finished-at="2026-01-12T17:18:24 GMT-05:00" duration-ms="57" status="PASS">
          <params>
            <param index="0">
              <value>
                <![CDATA[[TestResult name=Get_Repo_Info status=SUCCESS method=GetOperation.Get_Repo_Info()[pri:0, instance:features.GetOperation@b62d79] output={null}]]]>
              </value>
            </param>
          </params>
          <reporter-output>
          </reporter-output>
        </test-method> <!-- PostConditionTestStatus -->
        <test-method is-config="true" signature="addToReport()[pri:0, instance:features.GetOperation@b62d79]" started-at="2026-01-12T17:18:24 GMT-05:00" name="addToReport" finished-at="2026-01-12T17:18:24 GMT-05:00" duration-ms="32" status="PASS">
          <reporter-output>
          </reporter-output>
        </test-method> <!-- addToReport -->
      </class> <!-- features.GetOperation -->
      <class name="features.PostOperation">
        <test-method is-config="true" signature="extentReportSetUp()[pri:0, instance:features.PostOperation@120f102b]" started-at="2026-01-12T17:18:10 GMT-05:00" name="extentReportSetUp" finished-at="2026-01-12T17:18:11 GMT-05:00" duration-ms="906" status="PASS">
          <reporter-output>
          </reporter-output>
        </test-method> <!-- extentReportSetUp -->
        <test-method is-config="true" signature="openapp()[pri:0, instance:features.PostOperation@120f102b]" started-at="2026-01-12T17:18:11 GMT-05:00" name="openapp" finished-at="2026-01-12T17:18:12 GMT-05:00" duration-ms="804" status="PASS">
          <reporter-output>
          </reporter-output>
        </test-method> <!-- openapp -->
        <test-method signature="CREATE_Repo()[pri:0, instance:features.PostOperation@120f102b]" started-at="2026-01-12T17:18:12 GMT-05:00" name="CREATE_Repo" description="Create  Git Repository" finished-at="2026-01-12T17:18:21 GMT-05:00" duration-ms="9341" status="PASS">
          <reporter-output>
            <line>
              <![CDATA[The name of the repository whic is successcefully created  is mugimeshi]]>
            </line>
          </reporter-output>
        </test-method> <!-- CREATE_Repo -->
        <test-method is-config="true" signature="PostConditionTestStatus(org.testng.ITestResult)[pri:0, instance:features.PostOperation@120f102b]" started-at="2026-01-12T17:18:21 GMT-05:00" name="PostConditionTestStatus" finished-at="2026-01-12T17:18:23 GMT-05:00" duration-ms="1123" status="PASS">
          <params>
            <param index="0">
              <value>
                <![CDATA[[TestResult name=CREATE_Repo status=SUCCESS method=PostOperation.CREATE_Repo()[pri:0, instance:features.PostOperation@120f102b] output=The name of the repository whic is successcefully created  is mugimeshi]]]>
              </value>
            </param>
          </params>
          <reporter-output>
          </reporter-output>
        </test-method> <!-- PostConditionTestStatus -->
        <test-method is-config="true" signature="addToReport()[pri:0, instance:features.PostOperation@120f102b]" started-at="2026-01-12T17:18:23 GMT-05:00" name="addToReport" finished-at="2026-01-12T17:18:23 GMT-05:00" duration-ms="51" status="PASS">
          <reporter-output>
          </reporter-output>
        </test-method> <!-- addToReport -->
      </class> <!-- features.PostOperation -->
    </test> <!-- Test -->
  </suite> <!-- Suite -->
</testng-results>
