<?xml version="1.0" encoding="UTF-8"?>
<testng-results ignored="0" total="4" passed="3" failed="1" skipped="0">
  <reporter-output>
    <line>
      <![CDATA[The name of the repository which is successcefully created  is :mugimeshi-2038414006]]>
    </line>
    <line>
      <![CDATA[The repo successcefully deleted :mugimeshi-2038414006]]>
    </line>
  </reporter-output>
  <suite started-at="2026-06-10T21:36:27 GMT-04:00" name="Suite" finished-at="2026-06-10T21:36:31 GMT-04:00" duration-ms="4720">
    <groups>
      <group name="Regression">
        <method signature="DeleteOperation.Delete_Git_Repo()[pri:0, instance:features.DeleteOperation@1cb346ea]" name="Delete_Git_Repo" class="features.DeleteOperation"/>
        <method signature="GetOperation.Get_Repo_Info()[pri:0, instance:features.GetOperation@52815fa3]" name="Get_Repo_Info" class="features.GetOperation"/>
        <method signature="PatchOperation.UPDATE_CreateD_Repo()[pri:0, instance:features.PatchOperation@50313382]" name="UPDATE_CreateD_Repo" class="features.PatchOperation"/>
        <method signature="PostOperation.CREATE_Repo()[pri:0, instance:features.PostOperation@6692b6c6]" name="CREATE_Repo" class="features.PostOperation"/>
      </group> <!-- Regression -->
    </groups>
    <test started-at="2026-06-10T21:36:27 GMT-04:00" name="Test" finished-at="2026-06-10T21:36:31 GMT-04:00" duration-ms="4720">
      <class name="features.PatchOperation">
        <test-method is-config="true" signature="openapp()[pri:0, instance:features.PatchOperation@50313382]" started-at="2026-06-10T21:36:31 GMT-04:00" name="openapp" finished-at="2026-06-10T21:36:31 GMT-04:00" duration-ms="1" status="PASS">
          <reporter-output>
          </reporter-output>
        </test-method> <!-- openapp -->
        <test-method signature="UPDATE_CreateD_Repo()[pri:0, instance:features.PatchOperation@50313382]" started-at="2026-06-10T21:36:31 GMT-04:00" name="UPDATE_CreateD_Repo" description="Update Git Repository" finished-at="2026-06-10T21:36:31 GMT-04:00" duration-ms="383" status="FAIL">
          <exception class="java.lang.AssertionError">
            <message>
              <![CDATA[Status Code Validation Failed expected [201] but found [200]]]>
            </message>
            <full-stacktrace>
              <![CDATA[java.lang.AssertionError: Status Code Validation Failed expected [201] but found [200]
at org.testng.Assert.fail(Assert.java:111)
at org.testng.Assert.failNotEquals(Assert.java:1590)
at org.testng.Assert.assertEqualsImpl(Assert.java:150)
at org.testng.Assert.assertEquals(Assert.java:132)
at org.testng.Assert.assertEquals(Assert.java:1431)
at org.testng.Assert.assertEquals(Assert.java:1395)
at Generic.Validations.validateStatusCode(Validations.java:14)
at features.PatchOperation.UPDATE_CreateD_Repo(PatchOperation.java:49)
at java.base/jdk.internal.reflect.NativeMethodAccessorImpl.invoke0(Native Method)
at java.base/jdk.internal.reflect.NativeMethodAccessorImpl.invoke(NativeMethodAccessorImpl.java:62)
at java.base/jdk.internal.reflect.DelegatingMethodAccessorImpl.invoke(DelegatingMethodAccessorImpl.java:43)
at java.base/java.lang.reflect.Method.invoke(Method.java:566)
at org.testng.internal.invokers.MethodInvocationHelper.invokeMethod(MethodInvocationHelper.java:141)
at org.testng.internal.invokers.TestInvoker.invokeMethod(TestInvoker.java:687)
at org.testng.internal.invokers.TestInvoker.invokeTestMethod(TestInvoker.java:230)
at org.testng.internal.invokers.MethodRunner.runInSequence(MethodRunner.java:63)
at org.testng.internal.invokers.TestInvoker$MethodInvocationAgent.invoke(TestInvoker.java:995)
at org.testng.internal.invokers.TestInvoker.invokeTestMethods(TestInvoker.java:203)
at org.testng.internal.invokers.TestMethodWorker.invokeTestMethods(TestMethodWorker.java:154)
at org.testng.internal.invokers.TestMethodWorker.run(TestMethodWorker.java:134)
at java.base/java.util.ArrayList.forEach(ArrayList.java:1541)
at org.testng.TestRunner.privateRun(TestRunner.java:741)
at org.testng.TestRunner.run(TestRunner.java:616)
at org.testng.SuiteRunner.runTest(SuiteRunner.java:421)
at org.testng.SuiteRunner.runSequentially(SuiteRunner.java:413)
at org.testng.SuiteRunner.privateRun(SuiteRunner.java:373)
at org.testng.SuiteRunner.run(SuiteRunner.java:312)
at org.testng.SuiteRunnerWorker.runSuite(SuiteRunnerWorker.java:52)
at org.testng.SuiteRunnerWorker.run(SuiteRunnerWorker.java:95)
at org.testng.TestNG.runSuitesSequentially(TestNG.java:1274)
at org.testng.TestNG.runSuitesLocally(TestNG.java:1208)
at org.testng.TestNG.runSuites(TestNG.java:1112)
at org.testng.TestNG.run(TestNG.java:1079)
at org.testng.remote.AbstractRemoteTestNG.run(AbstractRemoteTestNG.java:115)
at org.testng.remote.RemoteTestNG.initAndRun(RemoteTestNG.java:293)
at org.testng.remote.RemoteTestNG.main(RemoteTestNG.java:91)
]]>
            </full-stacktrace>
          </exception> <!-- java.lang.AssertionError -->
          <reporter-output>
          </reporter-output>
        </test-method> <!-- UPDATE_CreateD_Repo -->
        <test-method is-config="true" signature="PostConditionTestStatus(org.testng.ITestResult)[pri:0, instance:features.PatchOperation@50313382]" started-at="2026-06-10T21:36:31 GMT-04:00" name="PostConditionTestStatus" finished-at="2026-06-10T21:36:31 GMT-04:00" duration-ms="1" status="PASS">
          <params>
            <param index="0">
              <value>
                <![CDATA[[TestResult name=UPDATE_CreateD_Repo status=FAILURE method=PatchOperation.UPDATE_CreateD_Repo()[pri:0, instance:features.PatchOperation@50313382] output={null}]]]>
              </value>
            </param>
          </params>
          <reporter-output>
          </reporter-output>
        </test-method> <!-- PostConditionTestStatus -->
      </class> <!-- features.PatchOperation -->
      <class name="features.DeleteOperation">
        <test-method is-config="true" signature="openapp()[pri:0, instance:features.DeleteOperation@1cb346ea]" started-at="2026-06-10T21:36:31 GMT-04:00" name="openapp" finished-at="2026-06-10T21:36:31 GMT-04:00" duration-ms="1" status="PASS">
          <reporter-output>
          </reporter-output>
        </test-method> <!-- openapp -->
        <test-method signature="Delete_Git_Repo()[pri:0, instance:features.DeleteOperation@1cb346ea]" started-at="2026-06-10T21:36:31 GMT-04:00" name="Delete_Git_Repo" description="Delete Git Repository" finished-at="2026-06-10T21:36:31 GMT-04:00" duration-ms="348" status="PASS">
          <reporter-output>
            <line>
              <![CDATA[The repo successcefully deleted :mugimeshi-2038414006]]>
            </line>
          </reporter-output>
        </test-method> <!-- Delete_Git_Repo -->
        <test-method is-config="true" signature="PostConditionTestStatus(org.testng.ITestResult)[pri:0, instance:features.DeleteOperation@1cb346ea]" started-at="2026-06-10T21:36:31 GMT-04:00" name="PostConditionTestStatus" finished-at="2026-06-10T21:36:31 GMT-04:00" duration-ms="0" status="PASS">
          <params>
            <param index="0">
              <value>
                <![CDATA[[TestResult name=Delete_Git_Repo status=SUCCESS method=DeleteOperation.Delete_Git_Repo()[pri:0, instance:features.DeleteOperation@1cb346ea] output=The repo successcefully deleted :mugimeshi-2038414006]]]>
              </value>
            </param>
          </params>
          <reporter-output>
          </reporter-output>
        </test-method> <!-- PostConditionTestStatus -->
      </class> <!-- features.DeleteOperation -->
      <class name="features.GetOperation">
        <test-method is-config="true" signature="openapp()[pri:0, instance:features.GetOperation@52815fa3]" started-at="2026-06-10T21:36:30 GMT-04:00" name="openapp" finished-at="2026-06-10T21:36:30 GMT-04:00" duration-ms="1" status="PASS">
          <reporter-output>
          </reporter-output>
        </test-method> <!-- openapp -->
        <test-method signature="Get_Repo_Info()[pri:0, instance:features.GetOperation@52815fa3]" started-at="2026-06-10T21:36:30 GMT-04:00" name="Get_Repo_Info" description="Get Git Repo Details" finished-at="2026-06-10T21:36:31 GMT-04:00" duration-ms="623" status="PASS">
          <reporter-output>
          </reporter-output>
        </test-method> <!-- Get_Repo_Info -->
        <test-method is-config="true" signature="PostConditionTestStatus(org.testng.ITestResult)[pri:0, instance:features.GetOperation@52815fa3]" started-at="2026-06-10T21:36:31 GMT-04:00" name="PostConditionTestStatus" finished-at="2026-06-10T21:36:31 GMT-04:00" duration-ms="0" status="PASS">
          <params>
            <param index="0">
              <value>
                <![CDATA[[TestResult name=Get_Repo_Info status=SUCCESS method=GetOperation.Get_Repo_Info()[pri:0, instance:features.GetOperation@52815fa3] output={null}]]]>
              </value>
            </param>
          </params>
          <reporter-output>
          </reporter-output>
        </test-method> <!-- PostConditionTestStatus -->
      </class> <!-- features.GetOperation -->
      <class name="features.PostOperation">
        <test-method is-config="true" signature="extentReportSetUp()[pri:0, instance:features.PostOperation@6692b6c6]" started-at="2026-06-10T21:36:26 GMT-04:00" name="extentReportSetUp" finished-at="2026-06-10T21:36:27 GMT-04:00" duration-ms="197" status="PASS">
          <reporter-output>
          </reporter-output>
        </test-method> <!-- extentReportSetUp -->
        <test-method is-config="true" signature="openapp()[pri:0, instance:features.PostOperation@6692b6c6]" started-at="2026-06-10T21:36:27 GMT-04:00" name="openapp" finished-at="2026-06-10T21:36:27 GMT-04:00" duration-ms="387" status="PASS">
          <reporter-output>
          </reporter-output>
        </test-method> <!-- openapp -->
        <test-method signature="CREATE_Repo()[pri:0, instance:features.PostOperation@6692b6c6]" started-at="2026-06-10T21:36:27 GMT-04:00" name="CREATE_Repo" description="Create  Git Repository" finished-at="2026-06-10T21:36:30 GMT-04:00" duration-ms="2933" status="PASS">
          <reporter-output>
            <line>
              <![CDATA[The name of the repository which is successcefully created  is :mugimeshi-2038414006]]>
            </line>
          </reporter-output>
        </test-method> <!-- CREATE_Repo -->
        <test-method is-config="true" signature="PostConditionTestStatus(org.testng.ITestResult)[pri:0, instance:features.PostOperation@6692b6c6]" started-at="2026-06-10T21:36:30 GMT-04:00" name="PostConditionTestStatus" finished-at="2026-06-10T21:36:30 GMT-04:00" duration-ms="6" status="PASS">
          <params>
            <param index="0">
              <value>
                <![CDATA[[TestResult name=CREATE_Repo status=SUCCESS method=PostOperation.CREATE_Repo()[pri:0, instance:features.PostOperation@6692b6c6] output=The name of the repository which is successcefully created  is :mugimeshi-2038414006]]]>
              </value>
            </param>
          </params>
          <reporter-output>
          </reporter-output>
        </test-method> <!-- PostConditionTestStatus -->
        <test-method is-config="true" signature="addToReport()[pri:0, instance:features.PostOperation@6692b6c6]" started-at="2026-06-10T21:36:31 GMT-04:00" name="addToReport" finished-at="2026-06-10T21:36:32 GMT-04:00" duration-ms="191" status="PASS">
          <reporter-output>
          </reporter-output>
        </test-method> <!-- addToReport -->
      </class> <!-- features.PostOperation -->
    </test> <!-- Test -->
  </suite> <!-- Suite -->
</testng-results>
