<?xml version="1.0" encoding="UTF-8"?>
<!-- Generated by org.testng.reporters.JUnitReportReporter -->
<testsuite hostname="Brahmendras-MacBook-Air.local" failures="0" tests="1" name="features.GetOperation" time="0.339" errors="0" timestamp="2026-06-10T22:12:32 GMT-04:00" skipped="0">
  <testcase classname="features.GetOperation" name="Get_Repo_Info" time="0.339"/>
  <system-out>
    <![CDATA[The name of the repository which is successcefully created  is :mugimeshi1794618813
The repo successcefully deleted :mugimeshi1794618813]]>
  </system-out>
</testsuite> <!-- features.GetOperation -->
