<?xml version="1.0" encoding="UTF-8"?>
<!-- Generated by org.testng.reporters.JUnitReportReporter -->
<testsuite hostname="Brahmendras-MacBook-Air.local" failures="0" tests="1" name="Features.DeleteOperation" time="0.512" errors="0" timestamp="2026-01-08T23:59:10 GMT-05:00" skipped="0">
  <testcase classname="Features.DeleteOperation" name="Delete_Git_Repo" time="0.512"/>
  <system-out>
    <![CDATA[The name of the repository whicis successcefully created ]]>
  </system-out>
</testsuite> <!-- Features.DeleteOperation -->
