<?xml version="1.0" encoding="UTF-8"?>
<!-- Generated by org.testng.reporters.JUnitReportReporter -->
<testsuite hostname="Brahmendras-MacBook-Air.local" failures="0" tests="1" name="features.PostOperation" time="3.326" errors="0" timestamp="2026-06-10T21:36:32 GMT-04:00" skipped="0">
  <testcase classname="features.PostOperation" name="CREATE_Repo" time="3.326">
    <system-out>
      <![CDATA[The name of the repository which is successcefully created  is :mugimeshi-2038414006]]>
    </system-out>
  </testcase> <!-- CREATE_Repo -->
  <system-out>
    <![CDATA[The name of the repository which is successcefully created  is :mugimeshi-2038414006
The repo successcefully deleted :mugimeshi-2038414006]]>
  </system-out>
</testsuite> <!-- features.PostOperation -->
