<?xml version="1.0" encoding="UTF-8"?>
<!-- Generated by org.testng.reporters.JUnitReportReporter -->
<testsuite hostname="Brahmendras-MacBook-Air.local" failures="0" tests="1" name="Features.PatchOperation" time="0.779" errors="0" timestamp="2026-01-08T23:36:54 GMT-05:00" skipped="0">
  <testcase classname="Features.PatchOperation" name="Create_Repo" time="0.779"/>
  <system-out>
    <![CDATA[The name of the repository whicis successcefully created ]]>
  </system-out>
</testsuite> <!-- Features.PatchOperation -->
