<?xml version="1.0" encoding="UTF-8"?>
<!-- Generated by org.testng.reporters.JUnitReportReporter -->
<testsuite hostname="Brahmendras-MacBook-Air.local" failures="0" tests="1" name="features.PatchOperation" time="0.855" errors="0" timestamp="2026-01-12T09:49:14 GMT-05:00" skipped="0">
  <testcase classname="features.PatchOperation" name="UPDATE_CreateD_Repo" time="0.855"/>
  <system-out>
    <![CDATA[The name of the repository whic is successcefully created  is mugimeshi]]>
  </system-out>
</testsuite> <!-- features.PatchOperation -->
