<?xml version="1.0" encoding="UTF-8"?>
<!-- Generated by org.testng.reporters.JUnitReportReporter -->
<testsuite hostname="Brahmendras-MacBook-Air.local" failures="0" tests="1" name="Features.PostOperation" time="5.673" errors="0" timestamp="2025-03-16T00:05:11 GMT-04:00" skipped="0">
  <testcase classname="Features.PostOperation" name="Update_Repo" time="5.673"/>
  <system-out>
    <![CDATA[The name of the repository whicis successcefully created ]]>
  </system-out>
</testsuite> <!-- Features.PostOperation -->
