<?xml version="1.0" encoding="UTF-8"?>
<!-- Generated by org.testng.reporters.JUnitReportReporter -->
<testsuite hostname="Brahmendras-MacBook-Air.local" failures="0" tests="4" name="features.abc" time="2.743" errors="0" timestamp="2026-06-02T14:34:40 GMT-04:00" skipped="0">
  <testcase classname="features.abc" name="test1" time="1.902">
    <system-out>
      <![CDATA[question 19:actitimeUI]]>
    </system-out>
  </testcase> <!-- test1 -->
  <testcase classname="features.abc" name="test2" time="0.281"/>
  <testcase classname="features.abc" name="test3" time="0.262"/>
  <testcase classname="features.abc" name="test4" time="0.298">
    <system-out>
      <![CDATA[name is :actitimeUI
name is 2 :actitimeUI]]>
    </system-out>
  </testcase> <!-- test4 -->
  <system-out>
    <![CDATA[question 19:actitimeUI
name is :actitimeUI
name is 2 :actitimeUI]]>
  </system-out>
</testsuite> <!-- features.abc -->
