<?xml version="1.0" encoding="UTF-8"?>
<!-- Generated by org.testng.reporters.JUnitReportReporter -->
<testsuite hostname="Brahmendras-MacBook-Air.local" failures="0" tests="1" name="features.PatchOperation" time="0.569" errors="0" timestamp="2026-06-10T22:12:32 GMT-04:00" skipped="0">
  <testcase classname="features.PatchOperation" name="UPDATE_CreateD_Repo" time="0.569"/>
  <system-out>
    <![CDATA[The name of the repository which is successcefully created  is :mugimeshi1794618813
The repo successcefully deleted :mugimeshi1794618813]]>
  </system-out>
</testsuite> <!-- features.PatchOperation -->
